<?xml version="1.0" encoding="UTF-8"?>
<!-- Generated by org.testng.reporters.JUnitXMLReporter -->
<testsuite ignored="1" hostname="DESKTOP-1190FAR" failures="0" tests="6" name="Default test" time="0.218" errors="0" timestamp="2022-04-20T18:15:38 IST">
  <testcase classname="Testng.Test2" name="calls" time="0.033"/>
  <testcase classname="Testng.Test2" name="chats" time="0.002"/>
  <testcase classname="Testng.Test2" name="chats" time="0.003"/>
  <testcase classname="Testng.Test2" name="chats" time="0.003"/>
  <testcase classname="Testng.Test2" name="chats" time="0.002"/>
  <testcase classname="Testng.Test2" name="chats" time="0.007"/>
  <testcase classname="Testng.Test2" name="Settings" time="0.0">
    <ignored/>
  </testcase> <!-- Settings -->
</testsuite> <!-- Default test -->
