<?xml version="1.0" encoding="UTF-8"?>
<testng-results ignored="1" total="7" passed="6" failed="0" skipped="0">
  <reporter-output>
    <line>
      <![CDATA[Calls]]>
    </line>
    <line>
      <![CDATA[Chats]]>
    </line>
    <line>
      <![CDATA[Chats]]>
    </line>
    <line>
      <![CDATA[Chats]]>
    </line>
    <line>
      <![CDATA[Chats]]>
    </line>
    <line>
      <![CDATA[Chats]]>
    </line>
  </reporter-output>
  <suite started-at="2022-04-20T18:15:38 IST" name="Default suite" finished-at="2022-04-20T18:15:38 IST" duration-ms="218">
    <groups>
    </groups>
    <test started-at="2022-04-20T18:15:38 IST" name="Default test" finished-at="2022-04-20T18:15:38 IST" duration-ms="218">
      <class name="Testng.Test2">
        <test-method signature="calls()[pri:-1, instance:Testng.Test2@7690781]" started-at="2022-04-20T18:15:38 IST" name="calls" finished-at="2022-04-20T18:15:38 IST" duration-ms="33" status="PASS">
          <reporter-output>
            <line>
              <![CDATA[Calls]]>
            </line>
          </reporter-output>
        </test-method> <!-- calls -->
        <test-method signature="chats()[pri:1, instance:Testng.Test2@7690781]" started-at="2022-04-20T18:15:38 IST" name="chats" finished-at="2022-04-20T18:15:38 IST" duration-ms="2" status="PASS">
          <reporter-output>
            <line>
              <![CDATA[Chats]]>
            </line>
          </reporter-output>
        </test-method> <!-- chats -->
        <test-method signature="chats()[pri:1, instance:Testng.Test2@7690781]" started-at="2022-04-20T18:15:38 IST" name="chats" finished-at="2022-04-20T18:15:38 IST" duration-ms="3" status="PASS">
          <reporter-output>
            <line>
              <![CDATA[Chats]]>
            </line>
          </reporter-output>
        </test-method> <!-- chats -->
        <test-method signature="chats()[pri:1, instance:Testng.Test2@7690781]" started-at="2022-04-20T18:15:38 IST" name="chats" finished-at="2022-04-20T18:15:38 IST" duration-ms="3" status="PASS">
          <reporter-output>
            <line>
              <![CDATA[Chats]]>
            </line>
          </reporter-output>
        </test-method> <!-- chats -->
        <test-method signature="chats()[pri:1, instance:Testng.Test2@7690781]" started-at="2022-04-20T18:15:38 IST" name="chats" finished-at="2022-04-20T18:15:38 IST" duration-ms="2" status="PASS">
          <reporter-output>
            <line>
              <![CDATA[Chats]]>
            </line>
          </reporter-output>
        </test-method> <!-- chats -->
        <test-method signature="chats()[pri:1, instance:Testng.Test2@7690781]" started-at="2022-04-20T18:15:38 IST" name="chats" finished-at="2022-04-20T18:15:38 IST" duration-ms="7" status="PASS">
          <reporter-output>
            <line>
              <![CDATA[Chats]]>
            </line>
          </reporter-output>
        </test-method> <!-- chats -->
      </class> <!-- Testng.Test2 -->
    </test> <!-- Default test -->
  </suite> <!-- Default suite -->
</testng-results>
